<?xml version="1.0" encoding="UTF-8"?>
<!-- Generated by org.testng.reporters.JUnitReportReporter -->
<testsuite hostname="WSS004-MBP.local" name="UI.ModifyIssueUI" tests="1" failures="0" timestamp="27 Jan 2016 01:33:21 GMT" time="6.104" errors="0">
  <testcase name="ModifyIssueUI_01" time="6.104" classname="UI.ModifyIssueUI"/>
</testsuite> <!-- UI.ModifyIssueUI -->
