<?xml version="1.0" encoding="UTF-8"?>
<!-- Generated by org.testng.reporters.JUnitReportReporter -->
<testsuite hostname="WSS004-MBP.local" name="API.CheckIssuesAPI" tests="3" failures="0" timestamp="27 Jan 2016 01:31:38 GMT" time="0.002" errors="0">
  <testcase name="CheckIssuesAPI_02" time="0.000" classname="API.CheckIssuesAPI"/>
  <testcase name="CheckIssuesAPI_01" time="0.002" classname="API.CheckIssuesAPI"/>
  <testcase name="CheckIssuesAPI_03" time="0.000" classname="API.CheckIssuesAPI"/>
</testsuite> <!-- API.CheckIssuesAPI -->
