<?xml version="1.0" encoding="UTF-8"?>
<!-- Generated by org.testng.reporters.JUnitReportReporter -->
<testsuite hostname="WSS004-MBP.local" name="API.CreateIssueAPI" tests="1" failures="0" timestamp="27 Jan 2016 01:31:38 GMT" time="0.212" errors="0">
  <testcase name="createIssueAPI_01" time="0.212" classname="API.CreateIssueAPI"/>
</testsuite> <!-- API.CreateIssueAPI -->
