<?xml version="1.0" encoding="UTF-8"?>
<!-- Generated by org.testng.reporters.JUnitReportReporter -->
<testsuite hostname="WSS004-MBP.local" name="UI.OpenCloseIssueUI" tests="2" failures="0" timestamp="27 Jan 2016 01:33:21 GMT" time="10.919" errors="0">
  <testcase name="openCloseIssueUI_01" time="5.697" classname="UI.OpenCloseIssueUI"/>
  <testcase name="openCloseIssueUI_02" time="5.222" classname="UI.OpenCloseIssueUI"/>
</testsuite> <!-- UI.OpenCloseIssueUI -->
