<?xml version="1.0" encoding="UTF-8"?>
<!-- Generated by org.testng.reporters.JUnitReportReporter -->
<testsuite hostname="WSS004-MBP.local" name="API.OpenCloseIssueAPI" tests="2" failures="0" timestamp="27 Jan 2016 01:31:38 GMT" time="1.188" errors="0">
  <testcase name="OpenCloseIssueAPI_02" time="0.598" classname="API.OpenCloseIssueAPI"/>
  <testcase name="OpenCloseIssueAPI_01" time="0.590" classname="API.OpenCloseIssueAPI"/>
</testsuite> <!-- API.OpenCloseIssueAPI -->
