<?xml version="1.0" encoding="UTF-8"?>
<!-- Generated by org.testng.reporters.JUnitReportReporter -->
<testsuite hostname="WSS004-MBP.local" name="UI.CheckIssuesUI" tests="2" failures="0" timestamp="27 Jan 2016 01:33:21 GMT" time="0.111" errors="0">
  <testcase name="CheckIssuesUI_02" time="0.062" classname="UI.CheckIssuesUI"/>
  <testcase name="CheckIssuesUI_01" time="0.049" classname="UI.CheckIssuesUI"/>
</testsuite> <!-- UI.CheckIssuesUI -->
