<?xml version="1.0" encoding="UTF-8"?>
<!-- Generated by org.testng.reporters.JUnitReportReporter -->
<testsuite hostname="WSS004-MBP.local" name="UI.CreateIssueUI" tests="2" failures="0" timestamp="27 Jan 2016 01:33:21 GMT" time="5.445" errors="0">
  <testcase name="createIssueUI_02" time="4.521" classname="UI.CreateIssueUI"/>
  <testcase name="createIssueUI_01" time="0.924" classname="UI.CreateIssueUI"/>
</testsuite> <!-- UI.CreateIssueUI -->
